android/app/build/intermediates/manifest_merge_blame_file/release/manifest-merger-blame-release-report.txt
1<?xml version="1.0" encoding="utf-8"?>
2<manifest xmlns:android="http://schemas.android.com/apk/res/android"
3    package="com.basyir"
4    android:versionCode="1"
5    android:versionName="1.0" >
6
7    <uses-sdk
8        android:minSdkVersion="21"
8-->src\main\AndroidManifest.xml
9        android:targetSdkVersion="33" />
9-->src\main\AndroidManifest.xml
10
11    <uses-permission android:name="android.permission.INTERNET" />
11-->src\main\AndroidManifest.xml:3:5-67
11-->src\main\AndroidManifest.xml:3:22-64
12    <!-- Create a unique permission for your app and use it so only your app can receive your OneSignal messages. -->
13    <permission
13-->[com.onesignal:OneSignal:4.8.5] AndroidManifest.xml:7:5-9:47
14        android:name="com.basyir.permission.C2D_MESSAGE"
14-->[com.onesignal:OneSignal:4.8.5] AndroidManifest.xml:8:9-63
15        android:protectionLevel="signature" />
15-->[com.onesignal:OneSignal:4.8.5] AndroidManifest.xml:9:9-44
16
17    <uses-permission android:name="com.basyir.permission.C2D_MESSAGE" /> <!-- OneSignal SDK has runtime checks Android version. -->
17-->[com.onesignal:OneSignal:4.8.5] AndroidManifest.xml:11:5-79
17-->[com.onesignal:OneSignal:4.8.5] AndroidManifest.xml:11:22-76
18    <!-- <uses-sdk tools:overrideLibrary="android.support.customtabs"/> -->
19    <!-- Required runtime permission to display notifications on Android 13 -->
20    <uses-permission android:name="android.permission.POST_NOTIFICATIONS" /> <!-- c2dm RECEIVE are basic requirements for push messages through Google's FCM -->
20-->[com.onesignal:OneSignal:4.8.5] AndroidManifest.xml:16:5-77
20-->[com.onesignal:OneSignal:4.8.5] AndroidManifest.xml:16:22-74
21    <uses-permission android:name="com.google.android.c2dm.permission.RECEIVE" /> <!-- Required, makes sure notifications are delivered on time. -->
21-->[com.onesignal:OneSignal:4.8.5] AndroidManifest.xml:18:5-82
21-->[com.onesignal:OneSignal:4.8.5] AndroidManifest.xml:18:22-79
22    <uses-permission android:name="android.permission.WAKE_LOCK" />
22-->[com.onesignal:OneSignal:4.8.5] AndroidManifest.xml:19:5-68
22-->[com.onesignal:OneSignal:4.8.5] AndroidManifest.xml:19:22-65
23    <!--
24 Required so the device vibrates on receiving a push notification.
25         Vibration settings of the device still apply.
26    -->
27    <uses-permission android:name="android.permission.VIBRATE" />
27-->[com.onesignal:OneSignal:4.8.5] AndroidManifest.xml:24:5-66
27-->[com.onesignal:OneSignal:4.8.5] AndroidManifest.xml:24:22-63
28    <uses-permission android:name="android.permission.ACCESS_NETWORK_STATE" />
28-->[com.onesignal:OneSignal:4.8.5] AndroidManifest.xml:25:5-79
28-->[com.onesignal:OneSignal:4.8.5] AndroidManifest.xml:25:22-76
29    <!--
30 Use to restore notifications the user hasn't interacted with.
31         They could be missed notifications if the user reboots their device if this isn't in place.
32    -->
33    <uses-permission android:name="android.permission.RECEIVE_BOOT_COMPLETED" /> <!-- START: ShortcutBadger -->
33-->[com.onesignal:OneSignal:4.8.5] AndroidManifest.xml:30:5-81
33-->[com.onesignal:OneSignal:4.8.5] AndroidManifest.xml:30:22-78
34    <!-- Samsung -->
35    <uses-permission android:name="com.sec.android.provider.badge.permission.READ" />
35-->[com.onesignal:OneSignal:4.8.5] AndroidManifest.xml:32:5-86
35-->[com.onesignal:OneSignal:4.8.5] AndroidManifest.xml:32:22-83
36    <uses-permission android:name="com.sec.android.provider.badge.permission.WRITE" /> <!-- HTC -->
36-->[com.onesignal:OneSignal:4.8.5] AndroidManifest.xml:33:5-87
36-->[com.onesignal:OneSignal:4.8.5] AndroidManifest.xml:33:22-84
37    <uses-permission android:name="com.htc.launcher.permission.READ_SETTINGS" />
37-->[com.onesignal:OneSignal:4.8.5] AndroidManifest.xml:34:5-81
37-->[com.onesignal:OneSignal:4.8.5] AndroidManifest.xml:34:22-78
38    <uses-permission android:name="com.htc.launcher.permission.UPDATE_SHORTCUT" /> <!-- Sony -->
38-->[com.onesignal:OneSignal:4.8.5] AndroidManifest.xml:35:5-83
38-->[com.onesignal:OneSignal:4.8.5] AndroidManifest.xml:35:22-80
39    <uses-permission android:name="com.sonyericsson.home.permission.BROADCAST_BADGE" />
39-->[com.onesignal:OneSignal:4.8.5] AndroidManifest.xml:36:5-88
39-->[com.onesignal:OneSignal:4.8.5] AndroidManifest.xml:36:22-85
40    <uses-permission android:name="com.sonymobile.home.permission.PROVIDER_INSERT_BADGE" /> <!-- Apex -->
40-->[com.onesignal:OneSignal:4.8.5] AndroidManifest.xml:37:5-92
40-->[com.onesignal:OneSignal:4.8.5] AndroidManifest.xml:37:22-89
41    <uses-permission android:name="com.anddoes.launcher.permission.UPDATE_COUNT" /> <!-- Solid -->
41-->[com.onesignal:OneSignal:4.8.5] AndroidManifest.xml:38:5-84
41-->[com.onesignal:OneSignal:4.8.5] AndroidManifest.xml:38:22-81
42    <uses-permission android:name="com.majeur.launcher.permission.UPDATE_BADGE" /> <!-- Huawei -->
42-->[com.onesignal:OneSignal:4.8.5] AndroidManifest.xml:39:5-83
42-->[com.onesignal:OneSignal:4.8.5] AndroidManifest.xml:39:22-80
43    <uses-permission android:name="com.huawei.android.launcher.permission.CHANGE_BADGE" />
43-->[com.onesignal:OneSignal:4.8.5] AndroidManifest.xml:40:5-91
43-->[com.onesignal:OneSignal:4.8.5] AndroidManifest.xml:40:22-88
44    <uses-permission android:name="com.huawei.android.launcher.permission.READ_SETTINGS" />
44-->[com.onesignal:OneSignal:4.8.5] AndroidManifest.xml:41:5-92
44-->[com.onesignal:OneSignal:4.8.5] AndroidManifest.xml:41:22-89
45    <uses-permission android:name="com.huawei.android.launcher.permission.WRITE_SETTINGS" /> <!-- ZUK -->
45-->[com.onesignal:OneSignal:4.8.5] AndroidManifest.xml:42:5-93
45-->[com.onesignal:OneSignal:4.8.5] AndroidManifest.xml:42:22-90
46    <uses-permission android:name="android.permission.READ_APP_BADGE" /> <!-- OPPO -->
46-->[com.onesignal:OneSignal:4.8.5] AndroidManifest.xml:43:5-73
46-->[com.onesignal:OneSignal:4.8.5] AndroidManifest.xml:43:22-70
47    <uses-permission android:name="com.oppo.launcher.permission.READ_SETTINGS" />
47-->[com.onesignal:OneSignal:4.8.5] AndroidManifest.xml:44:5-82
47-->[com.onesignal:OneSignal:4.8.5] AndroidManifest.xml:44:22-79
48    <uses-permission android:name="com.oppo.launcher.permission.WRITE_SETTINGS" /> <!-- EvMe -->
48-->[com.onesignal:OneSignal:4.8.5] AndroidManifest.xml:45:5-83
48-->[com.onesignal:OneSignal:4.8.5] AndroidManifest.xml:45:22-80
49    <uses-permission android:name="me.everything.badger.permission.BADGE_COUNT_READ" />
49-->[com.onesignal:OneSignal:4.8.5] AndroidManifest.xml:46:5-88
49-->[com.onesignal:OneSignal:4.8.5] AndroidManifest.xml:46:22-85
50    <uses-permission android:name="me.everything.badger.permission.BADGE_COUNT_WRITE" />
50-->[com.onesignal:OneSignal:4.8.5] AndroidManifest.xml:47:5-89
50-->[com.onesignal:OneSignal:4.8.5] AndroidManifest.xml:47:22-86
51    <uses-permission android:name="android.permission.FOREGROUND_SERVICE" />
51-->[androidx.work:work-runtime:2.7.1] AndroidManifest.xml:28:5-77
51-->[androidx.work:work-runtime:2.7.1] AndroidManifest.xml:28:22-74
52
53    <application
53-->src\main\AndroidManifest.xml:5:5-24:19
54        android:name="com.basyir.MainApplication"
54-->src\main\AndroidManifest.xml:6:7-38
55        android:allowBackup="false"
55-->src\main\AndroidManifest.xml:10:7-34
56        android:appComponentFactory="androidx.core.app.CoreComponentFactory"
56-->[androidx.core:core:1.7.0] AndroidManifest.xml:24:18-86
57        android:icon="@mipmap/ic_launcher"
57-->src\main\AndroidManifest.xml:8:7-41
58        android:label="@string/app_name"
58-->src\main\AndroidManifest.xml:7:7-39
59        android:roundIcon="@mipmap/ic_launcher_round"
59-->src\main\AndroidManifest.xml:9:7-52
60        android:theme="@style/AppTheme" >
60-->src\main\AndroidManifest.xml:11:7-38
61        <activity
61-->src\main\AndroidManifest.xml:12:7-23:18
62            android:name="com.basyir.MainActivity"
62-->src\main\AndroidManifest.xml:13:9-37
63            android:configChanges="keyboard|keyboardHidden|orientation|screenLayout|screenSize|smallestScreenSize|uiMode"
63-->src\main\AndroidManifest.xml:15:9-118
64            android:exported="true"
64-->src\main\AndroidManifest.xml:18:9-32
65            android:label="@string/app_name"
65-->src\main\AndroidManifest.xml:14:9-41
66            android:launchMode="singleTask"
66-->src\main\AndroidManifest.xml:16:9-40
67            android:windowSoftInputMode="adjustResize" >
67-->src\main\AndroidManifest.xml:17:9-51
68            <intent-filter>
68-->src\main\AndroidManifest.xml:19:9-22:25
69                <action android:name="android.intent.action.MAIN" />
69-->src\main\AndroidManifest.xml:20:13-65
69-->src\main\AndroidManifest.xml:20:21-62
70
71                <category android:name="android.intent.category.LAUNCHER" />
71-->src\main\AndroidManifest.xml:21:13-73
71-->src\main\AndroidManifest.xml:21:23-70
72            </intent-filter>
73        </activity>
74
75        <provider
75-->[:react-native-webview] AndroidManifest.xml:10:9-18:20
76            android:name="com.reactnativecommunity.webview.RNCWebViewFileProvider"
76-->[:react-native-webview] AndroidManifest.xml:11:13-83
77            android:authorities="com.basyir.fileprovider"
77-->[:react-native-webview] AndroidManifest.xml:12:13-64
78            android:exported="false"
78-->[:react-native-webview] AndroidManifest.xml:13:13-37
79            android:grantUriPermissions="true" >
79-->[:react-native-webview] AndroidManifest.xml:14:13-47
80            <meta-data
80-->[:react-native-webview] AndroidManifest.xml:15:13-17:63
81                android:name="android.support.FILE_PROVIDER_PATHS"
81-->[:react-native-webview] AndroidManifest.xml:16:17-67
82                android:resource="@xml/file_provider_paths" />
82-->[:react-native-webview] AndroidManifest.xml:17:17-60
83        </provider>
84
85        <receiver
85-->[com.onesignal:OneSignal:4.8.5] AndroidManifest.xml:50:9-61:20
86            android:name="com.onesignal.FCMBroadcastReceiver"
86-->[com.onesignal:OneSignal:4.8.5] AndroidManifest.xml:51:13-62
87            android:exported="true"
87-->[com.onesignal:OneSignal:4.8.5] AndroidManifest.xml:52:13-36
88            android:permission="com.google.android.c2dm.permission.SEND" >
88-->[com.onesignal:OneSignal:4.8.5] AndroidManifest.xml:53:13-73
89
90            <!-- High priority so OneSignal payloads can be filtered from other FCM receivers -->
91            <intent-filter android:priority="999" >
91-->[com.onesignal:OneSignal:4.8.5] AndroidManifest.xml:56:13-60:29
91-->[com.onesignal:OneSignal:4.8.5] AndroidManifest.xml:56:28-50
92                <action android:name="com.google.android.c2dm.intent.RECEIVE" />
92-->[com.onesignal:OneSignal:4.8.5] AndroidManifest.xml:57:17-81
92-->[com.onesignal:OneSignal:4.8.5] AndroidManifest.xml:57:25-78
93
94                <category android:name="com.basyir" />
94-->[com.onesignal:OneSignal:4.8.5] AndroidManifest.xml:59:17-61
94-->[com.onesignal:OneSignal:4.8.5] AndroidManifest.xml:59:27-58
95            </intent-filter>
96        </receiver>
97
98        <service
98-->[com.onesignal:OneSignal:4.8.5] AndroidManifest.xml:63:9-69:19
99            android:name="com.onesignal.HmsMessageServiceOneSignal"
99-->[com.onesignal:OneSignal:4.8.5] AndroidManifest.xml:64:13-68
100            android:exported="false" >
100-->[com.onesignal:OneSignal:4.8.5] AndroidManifest.xml:65:13-37
101            <intent-filter>
101-->[com.onesignal:OneSignal:4.8.5] AndroidManifest.xml:66:13-68:29
102                <action android:name="com.huawei.push.action.MESSAGING_EVENT" />
102-->[com.onesignal:OneSignal:4.8.5] AndroidManifest.xml:67:17-81
102-->[com.onesignal:OneSignal:4.8.5] AndroidManifest.xml:67:25-78
103            </intent-filter>
104        </service>
105
106        <activity
106-->[com.onesignal:OneSignal:4.8.5] AndroidManifest.xml:71:9-79:20
107            android:name="com.onesignal.NotificationOpenedActivityHMS"
107-->[com.onesignal:OneSignal:4.8.5] AndroidManifest.xml:72:13-71
108            android:exported="true"
108-->[com.onesignal:OneSignal:4.8.5] AndroidManifest.xml:73:13-36
109            android:noHistory="true"
109-->[com.onesignal:OneSignal:4.8.5] AndroidManifest.xml:74:13-37
110            android:theme="@android:style/Theme.Translucent.NoTitleBar" >
110-->[com.onesignal:OneSignal:4.8.5] AndroidManifest.xml:75:13-72
111            <intent-filter>
111-->[com.onesignal:OneSignal:4.8.5] AndroidManifest.xml:76:13-78:29
112                <action android:name="android.intent.action.VIEW" />
112-->[com.onesignal:OneSignal:4.8.5] AndroidManifest.xml:77:17-69
112-->[com.onesignal:OneSignal:4.8.5] AndroidManifest.xml:77:25-66
113            </intent-filter>
114        </activity>
115
116        <service
116-->[com.onesignal:OneSignal:4.8.5] AndroidManifest.xml:81:9-83:40
117            android:name="com.onesignal.FCMIntentService"
117-->[com.onesignal:OneSignal:4.8.5] AndroidManifest.xml:82:13-58
118            android:exported="false" />
118-->[com.onesignal:OneSignal:4.8.5] AndroidManifest.xml:83:13-37
119        <service
119-->[com.onesignal:OneSignal:4.8.5] AndroidManifest.xml:84:9-87:72
120            android:name="com.onesignal.FCMIntentJobService"
120-->[com.onesignal:OneSignal:4.8.5] AndroidManifest.xml:85:13-61
121            android:exported="false"
121-->[com.onesignal:OneSignal:4.8.5] AndroidManifest.xml:86:13-37
122            android:permission="android.permission.BIND_JOB_SERVICE" />
122-->[com.onesignal:OneSignal:4.8.5] AndroidManifest.xml:87:13-69
123        <service
123-->[com.onesignal:OneSignal:4.8.5] AndroidManifest.xml:88:9-91:43
124            android:name="com.onesignal.SyncService"
124-->[com.onesignal:OneSignal:4.8.5] AndroidManifest.xml:89:13-53
125            android:exported="false"
125-->[com.onesignal:OneSignal:4.8.5] AndroidManifest.xml:90:13-37
126            android:stopWithTask="true" />
126-->[com.onesignal:OneSignal:4.8.5] AndroidManifest.xml:91:13-40
127        <service
127-->[com.onesignal:OneSignal:4.8.5] AndroidManifest.xml:92:9-95:72
128            android:name="com.onesignal.SyncJobService"
128-->[com.onesignal:OneSignal:4.8.5] AndroidManifest.xml:93:13-56
129            android:exported="false"
129-->[com.onesignal:OneSignal:4.8.5] AndroidManifest.xml:94:13-37
130            android:permission="android.permission.BIND_JOB_SERVICE" />
130-->[com.onesignal:OneSignal:4.8.5] AndroidManifest.xml:95:13-69
131
132        <activity
132-->[com.onesignal:OneSignal:4.8.5] AndroidManifest.xml:97:9-100:75
133            android:name="com.onesignal.PermissionsActivity"
133-->[com.onesignal:OneSignal:4.8.5] AndroidManifest.xml:98:13-61
134            android:exported="false"
134-->[com.onesignal:OneSignal:4.8.5] AndroidManifest.xml:99:13-37
135            android:theme="@android:style/Theme.Translucent.NoTitleBar" />
135-->[com.onesignal:OneSignal:4.8.5] AndroidManifest.xml:100:13-72
136
137        <receiver
137-->[com.onesignal:OneSignal:4.8.5] AndroidManifest.xml:102:9-104:39
138            android:name="com.onesignal.NotificationDismissReceiver"
138-->[com.onesignal:OneSignal:4.8.5] AndroidManifest.xml:103:13-69
139            android:exported="true" />
139-->[com.onesignal:OneSignal:4.8.5] AndroidManifest.xml:104:13-36
140        <receiver
140-->[com.onesignal:OneSignal:4.8.5] AndroidManifest.xml:105:9-112:20
141            android:name="com.onesignal.BootUpReceiver"
141-->[com.onesignal:OneSignal:4.8.5] AndroidManifest.xml:106:13-56
142            android:exported="true" >
142-->[com.onesignal:OneSignal:4.8.5] AndroidManifest.xml:107:13-36
143            <intent-filter>
143-->[com.onesignal:OneSignal:4.8.5] AndroidManifest.xml:108:13-111:29
144                <action android:name="android.intent.action.BOOT_COMPLETED" />
144-->[com.onesignal:OneSignal:4.8.5] AndroidManifest.xml:109:17-79
144-->[com.onesignal:OneSignal:4.8.5] AndroidManifest.xml:109:25-76
145                <action android:name="android.intent.action.QUICKBOOT_POWERON" />
145-->[com.onesignal:OneSignal:4.8.5] AndroidManifest.xml:110:17-82
145-->[com.onesignal:OneSignal:4.8.5] AndroidManifest.xml:110:25-79
146            </intent-filter>
147        </receiver>
148        <receiver
148-->[com.onesignal:OneSignal:4.8.5] AndroidManifest.xml:113:9-119:20
149            android:name="com.onesignal.UpgradeReceiver"
149-->[com.onesignal:OneSignal:4.8.5] AndroidManifest.xml:114:13-57
150            android:exported="true" >
150-->[com.onesignal:OneSignal:4.8.5] AndroidManifest.xml:115:13-36
151            <intent-filter>
151-->[com.onesignal:OneSignal:4.8.5] AndroidManifest.xml:116:13-118:29
152                <action android:name="android.intent.action.MY_PACKAGE_REPLACED" />
152-->[com.onesignal:OneSignal:4.8.5] AndroidManifest.xml:117:17-84
152-->[com.onesignal:OneSignal:4.8.5] AndroidManifest.xml:117:25-81
153            </intent-filter>
154        </receiver>
155
156        <activity
156-->[com.onesignal:OneSignal:4.8.5] AndroidManifest.xml:121:9-127:75
157            android:name="com.onesignal.NotificationOpenedReceiver"
157-->[com.onesignal:OneSignal:4.8.5] AndroidManifest.xml:122:13-68
158            android:excludeFromRecents="true"
158-->[com.onesignal:OneSignal:4.8.5] AndroidManifest.xml:123:13-46
159            android:exported="true"
159-->[com.onesignal:OneSignal:4.8.5] AndroidManifest.xml:124:13-36
160            android:noHistory="true"
160-->[com.onesignal:OneSignal:4.8.5] AndroidManifest.xml:125:13-37
161            android:taskAffinity=""
161-->[com.onesignal:OneSignal:4.8.5] AndroidManifest.xml:126:13-36
162            android:theme="@android:style/Theme.Translucent.NoTitleBar" />
162-->[com.onesignal:OneSignal:4.8.5] AndroidManifest.xml:127:13-72
163        <activity
163-->[com.onesignal:OneSignal:4.8.5] AndroidManifest.xml:128:9-133:75
164            android:name="com.onesignal.NotificationOpenedReceiverAndroid22AndOlder"
164-->[com.onesignal:OneSignal:4.8.5] AndroidManifest.xml:129:13-85
165            android:excludeFromRecents="true"
165-->[com.onesignal:OneSignal:4.8.5] AndroidManifest.xml:130:13-46
166            android:exported="true"
166-->[com.onesignal:OneSignal:4.8.5] AndroidManifest.xml:131:13-36
167            android:noHistory="true"
167-->[com.onesignal:OneSignal:4.8.5] AndroidManifest.xml:132:13-37
168            android:theme="@android:style/Theme.Translucent.NoTitleBar" />
168-->[com.onesignal:OneSignal:4.8.5] AndroidManifest.xml:133:13-72
169        <activity
169-->[com.google.android.gms:play-services-base:17.6.0] AndroidManifest.xml:23:9-26:75
170            android:name="com.google.android.gms.common.api.GoogleApiActivity"
170-->[com.google.android.gms:play-services-base:17.6.0] AndroidManifest.xml:24:13-79
171            android:exported="false"
171-->[com.google.android.gms:play-services-base:17.6.0] AndroidManifest.xml:25:13-37
172            android:theme="@android:style/Theme.Translucent.NoTitleBar" />
172-->[com.google.android.gms:play-services-base:17.6.0] AndroidManifest.xml:26:13-72
173
174        <receiver
174-->[com.google.firebase:firebase-messaging:22.0.0] AndroidManifest.xml:28:9-35:20
175            android:name="com.google.firebase.iid.FirebaseInstanceIdReceiver"
175-->[com.google.firebase:firebase-messaging:22.0.0] AndroidManifest.xml:29:13-78
176            android:exported="true"
176-->[com.google.firebase:firebase-messaging:22.0.0] AndroidManifest.xml:30:13-36
177            android:permission="com.google.android.c2dm.permission.SEND" >
177-->[com.google.firebase:firebase-messaging:22.0.0] AndroidManifest.xml:31:13-73
178            <intent-filter>
178-->[com.google.firebase:firebase-messaging:22.0.0] AndroidManifest.xml:32:13-34:29
179                <action android:name="com.google.android.c2dm.intent.RECEIVE" />
179-->[com.onesignal:OneSignal:4.8.5] AndroidManifest.xml:57:17-81
179-->[com.onesignal:OneSignal:4.8.5] AndroidManifest.xml:57:25-78
180            </intent-filter>
181        </receiver>
182        <!--
183             FirebaseMessagingService performs security checks at runtime,
184             but set to not exported to explicitly avoid allowing another app to call it.
185        -->
186        <service
186-->[com.google.firebase:firebase-messaging:22.0.0] AndroidManifest.xml:41:9-48:19
187            android:name="com.google.firebase.messaging.FirebaseMessagingService"
187-->[com.google.firebase:firebase-messaging:22.0.0] AndroidManifest.xml:42:13-82
188            android:directBootAware="true"
188-->[com.google.firebase:firebase-messaging:22.0.0] AndroidManifest.xml:43:13-43
189            android:exported="false" >
189-->[com.google.firebase:firebase-messaging:22.0.0] AndroidManifest.xml:44:13-37
190            <intent-filter android:priority="-500" >
190-->[com.google.firebase:firebase-messaging:22.0.0] AndroidManifest.xml:45:13-47:29
190-->[com.google.firebase:firebase-messaging:22.0.0] AndroidManifest.xml:45:28-51
191                <action android:name="com.google.firebase.MESSAGING_EVENT" />
191-->[com.google.firebase:firebase-messaging:22.0.0] AndroidManifest.xml:46:17-78
191-->[com.google.firebase:firebase-messaging:22.0.0] AndroidManifest.xml:46:25-75
192            </intent-filter>
193        </service>
194        <service
194-->[com.google.firebase:firebase-messaging:22.0.0] AndroidManifest.xml:49:9-55:19
195            android:name="com.google.firebase.components.ComponentDiscoveryService"
195-->[com.google.firebase:firebase-messaging:22.0.0] AndroidManifest.xml:50:13-84
196            android:directBootAware="true"
196-->[com.google.firebase:firebase-common:20.0.0] AndroidManifest.xml:35:13-43
197            android:exported="false" >
197-->[com.google.firebase:firebase-messaging:22.0.0] AndroidManifest.xml:51:13-37
198            <meta-data
198-->[com.google.firebase:firebase-messaging:22.0.0] AndroidManifest.xml:52:13-54:85
199                android:name="com.google.firebase.components:com.google.firebase.messaging.FirebaseMessagingRegistrar"
199-->[com.google.firebase:firebase-messaging:22.0.0] AndroidManifest.xml:53:17-119
200                android:value="com.google.firebase.components.ComponentRegistrar" />
200-->[com.google.firebase:firebase-messaging:22.0.0] AndroidManifest.xml:54:17-82
201            <meta-data
201-->[com.google.firebase:firebase-datatransport:18.0.0] AndroidManifest.xml:28:13-30:85
202                android:name="com.google.firebase.components:com.google.firebase.datatransport.TransportRegistrar"
202-->[com.google.firebase:firebase-datatransport:18.0.0] AndroidManifest.xml:29:17-115
203                android:value="com.google.firebase.components.ComponentRegistrar" />
203-->[com.google.firebase:firebase-datatransport:18.0.0] AndroidManifest.xml:30:17-82
204            <meta-data
204-->[com.google.firebase:firebase-installations:17.0.0] AndroidManifest.xml:18:13-20:85
205                android:name="com.google.firebase.components:com.google.firebase.installations.FirebaseInstallationsRegistrar"
205-->[com.google.firebase:firebase-installations:17.0.0] AndroidManifest.xml:19:17-127
206                android:value="com.google.firebase.components.ComponentRegistrar" />
206-->[com.google.firebase:firebase-installations:17.0.0] AndroidManifest.xml:20:17-82
207        </service>
208
209        <provider
209-->[com.google.firebase:firebase-common:20.0.0] AndroidManifest.xml:26:9-31:39
210            android:name="com.google.firebase.provider.FirebaseInitProvider"
210-->[com.google.firebase:firebase-common:20.0.0] AndroidManifest.xml:27:13-77
211            android:authorities="com.basyir.firebaseinitprovider"
211-->[com.google.firebase:firebase-common:20.0.0] AndroidManifest.xml:28:13-72
212            android:directBootAware="true"
212-->[com.google.firebase:firebase-common:20.0.0] AndroidManifest.xml:29:13-43
213            android:exported="false"
213-->[com.google.firebase:firebase-common:20.0.0] AndroidManifest.xml:30:13-37
214            android:initOrder="100" />
214-->[com.google.firebase:firebase-common:20.0.0] AndroidManifest.xml:31:13-36
215
216        <meta-data
216-->[com.google.android.gms:play-services-basement:17.6.0] AndroidManifest.xml:23:9-25:69
217            android:name="com.google.android.gms.version"
217-->[com.google.android.gms:play-services-basement:17.6.0] AndroidManifest.xml:24:13-58
218            android:value="@integer/google_play_services_version" />
218-->[com.google.android.gms:play-services-basement:17.6.0] AndroidManifest.xml:25:13-66
219
220        <provider
220-->[androidx.emoji2:emoji2:1.0.0] AndroidManifest.xml:26:9-34:20
221            android:name="androidx.startup.InitializationProvider"
221-->[androidx.emoji2:emoji2:1.0.0] AndroidManifest.xml:27:13-67
222            android:authorities="com.basyir.androidx-startup"
222-->[androidx.emoji2:emoji2:1.0.0] AndroidManifest.xml:28:13-68
223            android:exported="false" >
223-->[androidx.emoji2:emoji2:1.0.0] AndroidManifest.xml:29:13-37
224            <meta-data
224-->[androidx.emoji2:emoji2:1.0.0] AndroidManifest.xml:31:13-33:52
225                android:name="androidx.emoji2.text.EmojiCompatInitializer"
225-->[androidx.emoji2:emoji2:1.0.0] AndroidManifest.xml:32:17-75
226                android:value="androidx.startup" />
226-->[androidx.emoji2:emoji2:1.0.0] AndroidManifest.xml:33:17-49
227            <meta-data
227-->[androidx.work:work-runtime:2.7.1] AndroidManifest.xml:36:13-38:52
228                android:name="androidx.work.WorkManagerInitializer"
228-->[androidx.work:work-runtime:2.7.1] AndroidManifest.xml:37:17-68
229                android:value="androidx.startup" />
229-->[androidx.work:work-runtime:2.7.1] AndroidManifest.xml:38:17-49
230            <meta-data
230-->[androidx.lifecycle:lifecycle-process:2.4.0] AndroidManifest.xml:31:13-33:52
231                android:name="androidx.lifecycle.ProcessLifecycleInitializer"
231-->[androidx.lifecycle:lifecycle-process:2.4.0] AndroidManifest.xml:32:17-78
232                android:value="androidx.startup" />
232-->[androidx.lifecycle:lifecycle-process:2.4.0] AndroidManifest.xml:33:17-49
233        </provider>
234
235        <service
235-->[androidx.work:work-runtime:2.7.1] AndroidManifest.xml:41:9-46:35
236            android:name="androidx.work.impl.background.systemalarm.SystemAlarmService"
236-->[androidx.work:work-runtime:2.7.1] AndroidManifest.xml:42:13-88
237            android:directBootAware="false"
237-->[androidx.work:work-runtime:2.7.1] AndroidManifest.xml:43:13-44
238            android:enabled="@bool/enable_system_alarm_service_default"
238-->[androidx.work:work-runtime:2.7.1] AndroidManifest.xml:44:13-72
239            android:exported="false" />
239-->[androidx.work:work-runtime:2.7.1] AndroidManifest.xml:45:13-37
240        <service
240-->[androidx.work:work-runtime:2.7.1] AndroidManifest.xml:47:9-53:35
241            android:name="androidx.work.impl.background.systemjob.SystemJobService"
241-->[androidx.work:work-runtime:2.7.1] AndroidManifest.xml:48:13-84
242            android:directBootAware="false"
242-->[androidx.work:work-runtime:2.7.1] AndroidManifest.xml:49:13-44
243            android:enabled="@bool/enable_system_job_service_default"
243-->[androidx.work:work-runtime:2.7.1] AndroidManifest.xml:50:13-70
244            android:exported="true"
244-->[androidx.work:work-runtime:2.7.1] AndroidManifest.xml:51:13-36
245            android:permission="android.permission.BIND_JOB_SERVICE" />
245-->[androidx.work:work-runtime:2.7.1] AndroidManifest.xml:52:13-69
246        <service
246-->[androidx.work:work-runtime:2.7.1] AndroidManifest.xml:54:9-59:35
247            android:name="androidx.work.impl.foreground.SystemForegroundService"
247-->[androidx.work:work-runtime:2.7.1] AndroidManifest.xml:55:13-81
248            android:directBootAware="false"
248-->[androidx.work:work-runtime:2.7.1] AndroidManifest.xml:56:13-44
249            android:enabled="@bool/enable_system_foreground_service_default"
249-->[androidx.work:work-runtime:2.7.1] AndroidManifest.xml:57:13-77
250            android:exported="false" />
250-->[androidx.work:work-runtime:2.7.1] AndroidManifest.xml:58:13-37
251
252        <receiver
252-->[androidx.work:work-runtime:2.7.1] AndroidManifest.xml:61:9-66:35
253            android:name="androidx.work.impl.utils.ForceStopRunnable$BroadcastReceiver"
253-->[androidx.work:work-runtime:2.7.1] AndroidManifest.xml:62:13-88
254            android:directBootAware="false"
254-->[androidx.work:work-runtime:2.7.1] AndroidManifest.xml:63:13-44
255            android:enabled="true"
255-->[androidx.work:work-runtime:2.7.1] AndroidManifest.xml:64:13-35
256            android:exported="false" />
256-->[androidx.work:work-runtime:2.7.1] AndroidManifest.xml:65:13-37
257        <receiver
257-->[androidx.work:work-runtime:2.7.1] AndroidManifest.xml:67:9-77:20
258            android:name="androidx.work.impl.background.systemalarm.ConstraintProxy$BatteryChargingProxy"
258-->[androidx.work:work-runtime:2.7.1] AndroidManifest.xml:68:13-106
259            android:directBootAware="false"
259-->[androidx.work:work-runtime:2.7.1] AndroidManifest.xml:69:13-44
260            android:enabled="false"
260-->[androidx.work:work-runtime:2.7.1] AndroidManifest.xml:70:13-36
261            android:exported="false" >
261-->[androidx.work:work-runtime:2.7.1] AndroidManifest.xml:71:13-37
262            <intent-filter>
262-->[androidx.work:work-runtime:2.7.1] AndroidManifest.xml:73:13-76:29
263                <action android:name="android.intent.action.ACTION_POWER_CONNECTED" />
263-->[androidx.work:work-runtime:2.7.1] AndroidManifest.xml:74:17-87
263-->[androidx.work:work-runtime:2.7.1] AndroidManifest.xml:74:25-84
264                <action android:name="android.intent.action.ACTION_POWER_DISCONNECTED" />
264-->[androidx.work:work-runtime:2.7.1] AndroidManifest.xml:75:17-90
264-->[androidx.work:work-runtime:2.7.1] AndroidManifest.xml:75:25-87
265            </intent-filter>
266        </receiver>
267        <receiver
267-->[androidx.work:work-runtime:2.7.1] AndroidManifest.xml:78:9-88:20